[09:05:47] [ERROR] cache_get_row_count: no active cache (C:\Users\eublu\Desktop\RC\pawno\include\a_mysql.inc:182 -> ../Dependencias/Geral/Concessionaria/Concessionaria.inc:4 -> C:\Users\eublu\Desktop\RC\pawno\include\YSI_Coding\y_hooks\..\y_cgen\y_cgen.inc:127 -> C:\Users\eublu\Desktop\RC\pawno\include\YSI_Coding\y_hooks\..\..\YSI_Core\y_core\y_scriptinit_impl.inc:653)
[19:32:01] [ERROR] cache_get_row_count: no active cache (C:\Users\eublu\Desktop\RC\pawno\include\a_mysql.inc:182 -> ../Dependencias/Geral/Concessionaria/Concessionaria.inc:4 -> C:\Users\eublu\Desktop\RC\pawno\include\YSI_Coding\y_hooks\..\y_cgen\y_cgen.inc:127 -> C:\Users\eublu\Desktop\RC\pawno\include\YSI_Coding\y_hooks\..\..\YSI_Core\y_core\y_scriptinit_impl.inc:653)
[19:41:38] [ERROR] cache_get_row_count: no active cache (C:\Users\eublu\Desktop\RippzyRPG\RC\pawno\include\a_mysql.inc:182 -> ../Dependencias/Geral/Concessionaria/Concessionaria.inc:4 -> C:\Users\eublu\Desktop\RippzyRPG\RC\pawno\include\YSI_Coding\y_hooks\..\y_cgen\y_cgen.inc:127 -> C:\Users\eublu\Desktop\RippzyRPG\RC\pawno\include\YSI_Coding\y_hooks\..\..\YSI_Core\y_core\y_scriptinit_impl.inc:653)
[19:46:57] [ERROR] cache_get_row_count: no active cache (C:\Users\eublu\Desktop\RippzyRPG\RC\pawno\include\a_mysql.inc:182 -> ../Dependencias/Geral/Concessionaria/Concessionaria.inc:4 -> C:\Users\eublu\Desktop\RippzyRPG\RC\pawno\include\YSI_Coding\y_hooks\..\y_cgen\y_cgen.inc:127 -> C:\Users\eublu\Desktop\RippzyRPG\RC\pawno\include\YSI_Coding\y_hooks\..\..\YSI_Core\y_core\y_scriptinit_impl.inc:653)
[19:50:09] [ERROR] cache_get_row_count: no active cache (C:\Users\eublu\Desktop\RippzyRPG\RC\pawno\include\a_mysql.inc:182 -> ../Dependencias/Geral/Concessionaria/Concessionaria.inc:4 -> C:\Users\eublu\Desktop\RippzyRPG\RC\pawno\include\YSI_Coding\y_hooks\..\y_cgen\y_cgen.inc:127 -> C:\Users\eublu\Desktop\RippzyRPG\RC\pawno\include\YSI_Coding\y_hooks\..\..\YSI_Core\y_core\y_scriptinit_impl.inc:653)
[20:01:52] [ERROR] cache_get_row_count: no active cache (C:\Users\eublu\Desktop\RippzyRPG\RC\pawno\include\a_mysql.inc:182 -> ../Dependencias/Geral/Concessionaria/Concessionaria.inc:4 -> C:\Users\eublu\Desktop\RippzyRPG\RC\pawno\include\YSI_Coding\y_hooks\..\y_cgen\y_cgen.inc:127 -> C:\Users\eublu\Desktop\RippzyRPG\RC\pawno\include\YSI_Coding\y_hooks\..\..\YSI_Core\y_core\y_scriptinit_impl.inc:653)
[20:22:33] [ERROR] cache_get_row_count: no active cache (C:\Users\eublu\Desktop\RippzyRPG\RC\pawno\include\a_mysql.inc:182 -> ../Dependencias/Geral/Concessionaria/Concessionaria.inc:4 -> C:\Users\eublu\Desktop\RippzyRPG\RC\pawno\include\YSI_Coding\y_hooks\..\y_cgen\y_cgen_impl.inc:156)
[20:34:46] [ERROR] cache_get_row_count: no active cache (C:\Users\eublu\Desktop\RippzyRPG\RC\pawno\include\a_mysql.inc:182 -> ../Dependencias/Geral/Concessionaria/Concessionaria.inc:4 -> C:\Users\eublu\Desktop\RippzyRPG\RC\pawno\include\YSI_Coding\y_hooks\..\y_cgen\y_cgen_impl.inc:156)
[20:49:11] [ERROR] cache_get_row_count: no active cache (C:\Users\eublu\Desktop\RippzyRPG\RC\pawno\include\a_mysql.inc:182 -> ../Dependencias/Geral/Concessionaria/Concessionaria.inc:4 -> C:\Users\eublu\Desktop\RippzyRPG\RC\pawno\include\YSI_Coding\y_hooks\..\y_cgen\y_cgen_impl.inc:156)
[21:29:17] [ERROR] cache_get_row_count: no active cache (C:\Users\eublu\Desktop\RippzyRPG\RC\pawno\include\a_mysql.inc:182 -> ../Dependencias/Geral/Concessionaria/Concessionaria.inc:4 -> C:\Users\eublu\Desktop\RippzyRPG\RC\pawno\include\YSI_Coding\y_hooks\..\y_cgen\y_cgen_impl.inc:156)
[21:47:32] [ERROR] cache_get_row_count: no active cache (C:\Users\eublu\Desktop\RippzyRPG\RC\pawno\include\a_mysql.inc:182 -> ../Dependencias/Geral/Concessionaria/Concessionaria.inc:4 -> C:\Users\eublu\Desktop\RippzyRPG\RC\pawno\include\YSI_Coding\y_hooks\..\y_cgen\y_cgen_impl.inc:156)
[21:50:41] [ERROR] cache_get_row_count: no active cache (C:\Users\eublu\Desktop\RippzyRPG\RC\pawno\include\a_mysql.inc:182 -> ../Dependencias/Geral/Concessionaria/Concessionaria.inc:4 -> C:\Users\eublu\Desktop\RippzyRPG\RC\pawno\include\YSI_Coding\y_hooks\..\y_cgen\y_cgen_impl.inc:156)
[22:08:11] [ERROR] error #1146 while executing query "DELETE FROM `Moradores` WHERE `CasaID`=93": Table 'rippzy_rpg.moradores' doesn't exist (../Dependencias/Geral/Casas/Hooks/Dialogs.inc:486)
[22:40:20] [ERROR] error #1146 while executing query "DELETE FROM `Moradores` WHERE `CasaID`=90": Table 'rippzy_rpg.moradores' doesn't exist (../Dependencias/Geral/Casas/Hooks/Dialogs.inc:486)
[23:07:32] [ERROR] error #1146 while executing query "DELETE FROM `Moradores` WHERE `CasaID`=333": Table 'rippzy_rpg.moradores' doesn't exist (../Dependencias/Geral/Casas/Hooks/Dialogs.inc:486)
[23:10:16] [ERROR] error #1146 while executing query "DELETE FROM `Moradores` WHERE `CasaID`=333": Table 'rippzy_rpg.moradores' doesn't exist (../Dependencias/Geral/Casas/Hooks/CasaAdmin.inc:69)
[01:02:34] [ERROR] cache_get_row_count: no active cache (C:\Users\eublu\Desktop\RippzyRPG\RC\pawno\include\a_mysql.inc:182 -> ../Dependencias/Geral/Concessionaria/Concessionaria.inc:4 -> C:\Users\eublu\Desktop\RippzyRPG\RC\pawno\include\YSI_Coding\y_hooks\..\y_cgen\y_cgen_impl.inc:156)
[01:13:35] [ERROR] cache_get_row_count: no active cache (C:\Users\eublu\Desktop\RippzyRPG\RC\pawno\include\a_mysql.inc:182 -> ../Dependencias/Geral/Concessionaria/Concessionaria.inc:4 -> C:\Users\eublu\Desktop\RippzyRPG\RC\pawno\include\YSI_Coding\y_hooks\..\y_cgen\y_cgen_impl.inc:156)
[01:19:54] [ERROR] cache_get_row_count: no active cache (C:\Users\eublu\Desktop\RippzyRPG\RC\pawno\include\a_mysql.inc:182 -> ../Dependencias/Geral/Concessionaria/Concessionaria.inc:4 -> C:\Users\eublu\Desktop\RippzyRPG\RC\pawno\include\YSI_Coding\y_hooks\..\y_cgen\y_cgen_impl.inc:156)
[01:23:02] [ERROR] cache_get_row_count: no active cache (C:\Users\eublu\Desktop\RippzyRPG\RC\pawno\include\a_mysql.inc:182 -> ../Dependencias/Geral/Concessionaria/Concessionaria.inc:4 -> C:\Users\eublu\Desktop\RippzyRPG\RC\pawno\include\YSI_Coding\y_hooks\..\y_cgen\y_cgen_impl.inc:156)
[01:25:24] [ERROR] cache_get_row_count: no active cache (C:\Users\eublu\Desktop\RippzyRPG\RC\pawno\include\a_mysql.inc:182 -> ../Dependencias/Geral/Concessionaria/Concessionaria.inc:4 -> C:\Users\eublu\Desktop\RippzyRPG\RC\pawno\include\YSI_Coding\y_hooks\..\y_cgen\y_cgen_impl.inc:156)
[01:35:06] [ERROR] cache_get_row_count: no active cache (C:\Users\eublu\Desktop\RippzyRPG\RC\pawno\include\a_mysql.inc:182 -> ../Dependencias/Geral/Concessionaria/Concessionaria.inc:4 -> C:\Users\eublu\Desktop\RippzyRPG\RC\pawno\include\YSI_Coding\y_hooks\..\y_cgen\y_cgen_impl.inc:156)
[01:38:42] [ERROR] cache_get_row_count: no active cache (C:\Users\eublu\Desktop\RippzyRPG\RC\pawno\include\a_mysql.inc:182 -> ../Dependencias/Geral/Concessionaria/Concessionaria.inc:4 -> C:\Users\eublu\Desktop\RippzyRPG\RC\pawno\include\YSI_Coding\y_hooks\..\y_cgen\y_cgen_impl.inc:156)
[01:41:12] [ERROR] error #1146 while executing query "DELETE FROM `Moradores` WHERE `CasaID`=1": Table 'rippzy_rpg.moradores' doesn't exist (../Dependencias/Geral/Casas/Hooks/Dialogs.inc:486)
[02:07:14] [ERROR] cache_get_row_count: no active cache (C:\Users\eublu\Desktop\RippzyRPG\RC\pawno\include\a_mysql.inc:182 -> ../Dependencias/Geral/Concessionaria/Concessionaria.inc:4 -> C:\Users\eublu\Desktop\RippzyRPG\RC\pawno\include\YSI_Coding\y_hooks\..\y_cgen\y_cgen_impl.inc:156)
